2025-04-12 08:25:38 [ERROR] uncaughtException: wss is not defined
ReferenceError: wss is not defined
    at file:///E:/Web%20dev/practice/test-app/backend/src/services/socket.service.js:103:1
    at ModuleJob.run (node:internal/modules/esm/module_job:218:25)
    at async ModuleLoader.import (node:internal/modules/esm/loader:329:24)
    at async loadESM (node:internal/process/esm_loader:28:7)
    at async handleMainPromise (node:internal/modules/run_main:113:12) ReferenceError: wss is not defined
    at file:///E:/Web%20dev/practice/test-app/backend/src/services/socket.service.js:103:1
    at ModuleJob.run (node:internal/modules/esm/module_job:218:25)
    at async ModuleLoader.import (node:internal/modules/esm/loader:329:24)
    at async loadESM (node:internal/process/esm_loader:28:7)
    at async handleMainPromise (node:internal/modules/run_main:113:12)
2025-04-12 08:26:02 [ERROR] uncaughtException: wss is not defined
ReferenceError: wss is not defined
    at file:///E:/Web%20dev/practice/test-app/backend/src/services/socket.service.js:103:1
    at ModuleJob.run (node:internal/modules/esm/module_job:218:25)
    at async ModuleLoader.import (node:internal/modules/esm/loader:329:24)
    at async loadESM (node:internal/process/esm_loader:28:7)
    at async handleMainPromise (node:internal/modules/run_main:113:12) ReferenceError: wss is not defined
    at file:///E:/Web%20dev/practice/test-app/backend/src/services/socket.service.js:103:1
    at ModuleJob.run (node:internal/modules/esm/module_job:218:25)
    at async ModuleLoader.import (node:internal/modules/esm/loader:329:24)
    at async loadESM (node:internal/process/esm_loader:28:7)
    at async handleMainPromise (node:internal/modules/run_main:113:12)
2025-04-12 08:27:03 [ERROR] uncaughtException: wss is not defined
ReferenceError: wss is not defined
    at file:///E:/Web%20dev/practice/test-app/backend/src/services/socket.service.js:103:1
    at ModuleJob.run (node:internal/modules/esm/module_job:218:25)
    at async ModuleLoader.import (node:internal/modules/esm/loader:329:24)
    at async loadESM (node:internal/process/esm_loader:28:7)
    at async handleMainPromise (node:internal/modules/run_main:113:12) ReferenceError: wss is not defined
    at file:///E:/Web%20dev/practice/test-app/backend/src/services/socket.service.js:103:1
    at ModuleJob.run (node:internal/modules/esm/module_job:218:25)
    at async ModuleLoader.import (node:internal/modules/esm/loader:329:24)
    at async loadESM (node:internal/process/esm_loader:28:7)
    at async handleMainPromise (node:internal/modules/run_main:113:12)
2025-04-12 18:41:08 [ERROR] uncaughtException: wss is not defined
ReferenceError: wss is not defined
    at file:///E:/Web%20dev/practice/test-app/backend/src/services/socket.service.js:139:1
    at ModuleJob.run (node:internal/modules/esm/module_job:218:25)
    at async ModuleLoader.import (node:internal/modules/esm/loader:329:24)
    at async loadESM (node:internal/process/esm_loader:28:7)
    at async handleMainPromise (node:internal/modules/run_main:113:12) ReferenceError: wss is not defined
    at file:///E:/Web%20dev/practice/test-app/backend/src/services/socket.service.js:139:1
    at ModuleJob.run (node:internal/modules/esm/module_job:218:25)
    at async ModuleLoader.import (node:internal/modules/esm/loader:329:24)
    at async loadESM (node:internal/process/esm_loader:28:7)
    at async handleMainPromise (node:internal/modules/run_main:113:12)
2025-04-12 18:44:48 [ERROR] uncaughtException: wss is not defined
ReferenceError: wss is not defined
    at file:///E:/Web%20dev/practice/test-app/backend/src/services/socket.service.js:139:1
    at ModuleJob.run (node:internal/modules/esm/module_job:218:25)
    at async ModuleLoader.import (node:internal/modules/esm/loader:329:24)
    at async loadESM (node:internal/process/esm_loader:28:7)
    at async handleMainPromise (node:internal/modules/run_main:113:12) ReferenceError: wss is not defined
    at file:///E:/Web%20dev/practice/test-app/backend/src/services/socket.service.js:139:1
    at ModuleJob.run (node:internal/modules/esm/module_job:218:25)
    at async ModuleLoader.import (node:internal/modules/esm/loader:329:24)
    at async loadESM (node:internal/process/esm_loader:28:7)
    at async handleMainPromise (node:internal/modules/run_main:113:12)
2025-04-13 00:54:50 [ERROR] uncaughtException: ws is not defined
ReferenceError: ws is not defined
    at file:///E:/Web%20dev/practice/test-app/backend/src/handlers/message.js:165:13
    at ModuleJob.run (node:internal/modules/esm/module_job:218:25)
    at async ModuleLoader.import (node:internal/modules/esm/loader:329:24)
    at async loadESM (node:internal/process/esm_loader:28:7)
    at async handleMainPromise (node:internal/modules/run_main:113:12) ReferenceError: ws is not defined
    at file:///E:/Web%20dev/practice/test-app/backend/src/handlers/message.js:165:13
    at ModuleJob.run (node:internal/modules/esm/module_job:218:25)
    at async ModuleLoader.import (node:internal/modules/esm/loader:329:24)
    at async loadESM (node:internal/process/esm_loader:28:7)
    at async handleMainPromise (node:internal/modules/run_main:113:12)
2025-04-13 07:14:02 [ERROR] uncaughtException: parseMessage is not defined
ReferenceError: parseMessage is not defined
    at WebSocket.<anonymous> (file:///E:/Web%20dev/practice/test-app/backend/src/services/socket.service.js:88:25)
    at WebSocket.emit (node:events:518:28)
    at Receiver.receiverOnMessage (E:\Web dev\practice\test-app\backend\node_modules\ws\lib\websocket.js:1220:20)
    at Receiver.emit (node:events:518:28)
    at Receiver.dataMessage (E:\Web dev\practice\test-app\backend\node_modules\ws\lib\receiver.js:596:14)
    at E:\Web dev\practice\test-app\backend\node_modules\ws\lib\receiver.js:530:12
    at E:\Web dev\practice\test-app\backend\node_modules\ws\lib\permessage-deflate.js:309:9
    at E:\Web dev\practice\test-app\backend\node_modules\ws\lib\permessage-deflate.js:392:7
    at afterWrite (node:internal/streams/writable:701:5)
    at onwrite (node:internal/streams/writable:679:7) ReferenceError: parseMessage is not defined
    at WebSocket.<anonymous> (file:///E:/Web%20dev/practice/test-app/backend/src/services/socket.service.js:88:25)
    at WebSocket.emit (node:events:518:28)
    at Receiver.receiverOnMessage (E:\Web dev\practice\test-app\backend\node_modules\ws\lib\websocket.js:1220:20)
    at Receiver.emit (node:events:518:28)
    at Receiver.dataMessage (E:\Web dev\practice\test-app\backend\node_modules\ws\lib\receiver.js:596:14)
    at E:\Web dev\practice\test-app\backend\node_modules\ws\lib\receiver.js:530:12
    at E:\Web dev\practice\test-app\backend\node_modules\ws\lib\permessage-deflate.js:309:9
    at E:\Web dev\practice\test-app\backend\node_modules\ws\lib\permessage-deflate.js:392:7
    at afterWrite (node:internal/streams/writable:701:5)
    at onwrite (node:internal/streams/writable:679:7)
2025-04-13 07:14:30 [ERROR] uncaughtException: parseMessage is not defined
ReferenceError: parseMessage is not defined
    at WebSocket.<anonymous> (file:///E:/Web%20dev/practice/test-app/backend/src/services/socket.service.js:88:25)
    at WebSocket.emit (node:events:518:28)
    at Receiver.receiverOnMessage (E:\Web dev\practice\test-app\backend\node_modules\ws\lib\websocket.js:1220:20)
    at Receiver.emit (node:events:518:28)
    at Receiver.dataMessage (E:\Web dev\practice\test-app\backend\node_modules\ws\lib\receiver.js:596:14)
    at E:\Web dev\practice\test-app\backend\node_modules\ws\lib\receiver.js:530:12
    at E:\Web dev\practice\test-app\backend\node_modules\ws\lib\permessage-deflate.js:309:9
    at E:\Web dev\practice\test-app\backend\node_modules\ws\lib\permessage-deflate.js:392:7
    at afterWrite (node:internal/streams/writable:701:5)
    at onwrite (node:internal/streams/writable:679:7) ReferenceError: parseMessage is not defined
    at WebSocket.<anonymous> (file:///E:/Web%20dev/practice/test-app/backend/src/services/socket.service.js:88:25)
    at WebSocket.emit (node:events:518:28)
    at Receiver.receiverOnMessage (E:\Web dev\practice\test-app\backend\node_modules\ws\lib\websocket.js:1220:20)
    at Receiver.emit (node:events:518:28)
    at Receiver.dataMessage (E:\Web dev\practice\test-app\backend\node_modules\ws\lib\receiver.js:596:14)
    at E:\Web dev\practice\test-app\backend\node_modules\ws\lib\receiver.js:530:12
    at E:\Web dev\practice\test-app\backend\node_modules\ws\lib\permessage-deflate.js:309:9
    at E:\Web dev\practice\test-app\backend\node_modules\ws\lib\permessage-deflate.js:392:7
    at afterWrite (node:internal/streams/writable:701:5)
    at onwrite (node:internal/streams/writable:679:7)
2025-04-13 07:19:46 [ERROR] uncaughtException: parseMessage is not defined
ReferenceError: parseMessage is not defined
    at WebSocket.<anonymous> (file:///E:/Web%20dev/practice/test-app/backend/src/services/socket.service.js:84:25)
    at WebSocket.emit (node:events:518:28)
    at Receiver.receiverOnMessage (E:\Web dev\practice\test-app\backend\node_modules\ws\lib\websocket.js:1220:20)
    at Receiver.emit (node:events:518:28)
    at Receiver.dataMessage (E:\Web dev\practice\test-app\backend\node_modules\ws\lib\receiver.js:596:14)
    at E:\Web dev\practice\test-app\backend\node_modules\ws\lib\receiver.js:530:12
    at E:\Web dev\practice\test-app\backend\node_modules\ws\lib\permessage-deflate.js:309:9
    at E:\Web dev\practice\test-app\backend\node_modules\ws\lib\permessage-deflate.js:392:7
    at afterWrite (node:internal/streams/writable:701:5)
    at onwrite (node:internal/streams/writable:679:7) ReferenceError: parseMessage is not defined
    at WebSocket.<anonymous> (file:///E:/Web%20dev/practice/test-app/backend/src/services/socket.service.js:84:25)
    at WebSocket.emit (node:events:518:28)
    at Receiver.receiverOnMessage (E:\Web dev\practice\test-app\backend\node_modules\ws\lib\websocket.js:1220:20)
    at Receiver.emit (node:events:518:28)
    at Receiver.dataMessage (E:\Web dev\practice\test-app\backend\node_modules\ws\lib\receiver.js:596:14)
    at E:\Web dev\practice\test-app\backend\node_modules\ws\lib\receiver.js:530:12
    at E:\Web dev\practice\test-app\backend\node_modules\ws\lib\permessage-deflate.js:309:9
    at E:\Web dev\practice\test-app\backend\node_modules\ws\lib\permessage-deflate.js:392:7
    at afterWrite (node:internal/streams/writable:701:5)
    at onwrite (node:internal/streams/writable:679:7)
2025-04-13 07:30:48 [ERROR] uncaughtException: parseMessage is not defined
ReferenceError: parseMessage is not defined
    at WebSocket.<anonymous> (file:///E:/Web%20dev/practice/test-app/backend/src/services/socket.service.js:83:25)
    at WebSocket.emit (node:events:518:28)
    at Receiver.receiverOnMessage (E:\Web dev\practice\test-app\backend\node_modules\ws\lib\websocket.js:1220:20)
    at Receiver.emit (node:events:518:28)
    at Receiver.dataMessage (E:\Web dev\practice\test-app\backend\node_modules\ws\lib\receiver.js:596:14)
    at E:\Web dev\practice\test-app\backend\node_modules\ws\lib\receiver.js:530:12
    at E:\Web dev\practice\test-app\backend\node_modules\ws\lib\permessage-deflate.js:309:9
    at E:\Web dev\practice\test-app\backend\node_modules\ws\lib\permessage-deflate.js:392:7
    at afterWrite (node:internal/streams/writable:701:5)
    at onwrite (node:internal/streams/writable:679:7) ReferenceError: parseMessage is not defined
    at WebSocket.<anonymous> (file:///E:/Web%20dev/practice/test-app/backend/src/services/socket.service.js:83:25)
    at WebSocket.emit (node:events:518:28)
    at Receiver.receiverOnMessage (E:\Web dev\practice\test-app\backend\node_modules\ws\lib\websocket.js:1220:20)
    at Receiver.emit (node:events:518:28)
    at Receiver.dataMessage (E:\Web dev\practice\test-app\backend\node_modules\ws\lib\receiver.js:596:14)
    at E:\Web dev\practice\test-app\backend\node_modules\ws\lib\receiver.js:530:12
    at E:\Web dev\practice\test-app\backend\node_modules\ws\lib\permessage-deflate.js:309:9
    at E:\Web dev\practice\test-app\backend\node_modules\ws\lib\permessage-deflate.js:392:7
    at afterWrite (node:internal/streams/writable:701:5)
    at onwrite (node:internal/streams/writable:679:7)
